This is pdfTeX, Version 3.141592653-2.6-1.40.25 (TeX Live 2023/Debian) (preloaded format=pdflatex 2025.10.29)  12 NOV 2025 17:42
entering extended mode
 restricted \write18 enabled.
 file:line:error style messages enabled.
 %&-line parsing enabled.
**"/home/michael/Weather-and-climate-change/Documentation/2025_KG_Project_Report_Template -/ProjectReport/knowdive-files/main.tex"
(/home/michael/Weather-and-climate-change/Documentation/2025_KG_Project_Report_Template -/ProjectReport/knowdive-files/main.tex
LaTeX2e <2023-11-01> patch level 1
L3 programming layer <2024-01-22>
(./knowdive.cls
Document Class: knowdive 
(/usr/share/texlive/texmf-dist/tex/latex/base/article.cls
Document Class: article 2023/05/17 v1.4n Standard LaTeX document class
(/usr/share/texlive/texmf-dist/tex/latex/base/size10.clo
File: size10.clo 2023/05/17 v1.4n Standard LaTeX file (size option)
)
\c@part=\count187
\c@section=\count188
\c@subsection=\count189
\c@subsubsection=\count190
\c@paragraph=\count191
\c@subparagraph=\count192
\c@figure=\count193
\c@table=\count194
\abovecaptionskip=\skip48
\belowcaptionskip=\skip49
\bibindent=\dimen140
) (/usr/share/texlive/texmf-dist/tex/latex/base/fontenc.sty
Package: fontenc 2021/04/29 v2.0v Standard LaTeX package
) (/usr/share/texlive/texmf-dist/tex/latex/base/inputenc.sty
Package: inputenc 2021/02/14 v1.3d Input encoding file
\inpenc@prehook=\toks17
\inpenc@posthook=\toks18
) (/usr/share/texmf/tex/latex/lm/lmodern.sty
Package: lmodern 2015/05/01 v1.6.1 Latin Modern Fonts
LaTeX Font Info:    Overwriting symbol font `operators' in version `normal'
(Font)                  OT1/cmr/m/n --> OT1/lmr/m/n on input line 22.
LaTeX Font Info:    Overwriting symbol font `letters' in version `normal'
(Font)                  OML/cmm/m/it --> OML/lmm/m/it on input line 23.
LaTeX Font Info:    Overwriting symbol font `symbols' in version `normal'
(Font)                  OMS/cmsy/m/n --> OMS/lmsy/m/n on input line 24.
LaTeX Font Info:    Overwriting symbol font `largesymbols' in version `normal'
(Font)                  OMX/cmex/m/n --> OMX/lmex/m/n on input line 25.
LaTeX Font Info:    Overwriting symbol font `operators' in version `bold'
(Font)                  OT1/cmr/bx/n --> OT1/lmr/bx/n on input line 26.
LaTeX Font Info:    Overwriting symbol font `letters' in version `bold'
(Font)                  OML/cmm/b/it --> OML/lmm/b/it on input line 27.
LaTeX Font Info:    Overwriting symbol font `symbols' in version `bold'
(Font)                  OMS/cmsy/b/n --> OMS/lmsy/b/n on input line 28.
LaTeX Font Info:    Overwriting symbol font `largesymbols' in version `bold'
(Font)                  OMX/cmex/m/n --> OMX/lmex/m/n on input line 29.
LaTeX Font Info:    Overwriting math alphabet `\mathbf' in version `normal'
(Font)                  OT1/cmr/bx/n --> OT1/lmr/bx/n on input line 31.
LaTeX Font Info:    Overwriting math alphabet `\mathsf' in version `normal'
(Font)                  OT1/cmss/m/n --> OT1/lmss/m/n on input line 32.
LaTeX Font Info:    Overwriting math alphabet `\mathit' in version `normal'
(Font)                  OT1/cmr/m/it --> OT1/lmr/m/it on input line 33.
LaTeX Font Info:    Overwriting math alphabet `\mathtt' in version `normal'
(Font)                  OT1/cmtt/m/n --> OT1/lmtt/m/n on input line 34.
LaTeX Font Info:    Overwriting math alphabet `\mathbf' in version `bold'
(Font)                  OT1/cmr/bx/n --> OT1/lmr/bx/n on input line 35.
LaTeX Font Info:    Overwriting math alphabet `\mathsf' in version `bold'
(Font)                  OT1/cmss/bx/n --> OT1/lmss/bx/n on input line 36.
LaTeX Font Info:    Overwriting math alphabet `\mathit' in version `bold'
(Font)                  OT1/cmr/bx/it --> OT1/lmr/bx/it on input line 37.
LaTeX Font Info:    Overwriting math alphabet `\mathtt' in version `bold'
(Font)                  OT1/cmtt/m/n --> OT1/lmtt/m/n on input line 38.
) (/usr/share/texlive/texmf-dist/tex/latex/graphics/graphicx.sty
Package: graphicx 2021/09/16 v1.2d Enhanced LaTeX Graphics (DPC,SPQR)
 (/usr/share/texlive/texmf-dist/tex/latex/graphics/keyval.sty
Package: keyval 2022/05/29 v1.15 key=value parser (DPC)
\KV@toks@=\toks19
) (/usr/share/texlive/texmf-dist/tex/latex/graphics/graphics.sty
Package: graphics 2022/03/10 v1.4e Standard LaTeX Graphics (DPC,SPQR)
 (/usr/share/texlive/texmf-dist/tex/latex/graphics/trig.sty
Package: trig 2021/08/11 v1.11 sin cos tan (DPC)
) (/usr/share/texlive/texmf-dist/tex/latex/graphics-cfg/graphics.cfg
File: graphics.cfg 2016/06/04 v1.11 sample graphics configuration
)
Package graphics Info: Driver file: pdftex.def on input line 107.
 (/usr/share/texlive/texmf-dist/tex/latex/graphics-def/pdftex.def
File: pdftex.def 2022/09/22 v1.2b Graphics/color driver for pdftex
))
\Gin@req@height=\dimen141
\Gin@req@width=\dimen142
) (/usr/share/texlive/texmf-dist/tex/latex/tools/tabularx.sty
Package: tabularx 2023/07/08 v2.11c `tabularx' package (DPC)
 (/usr/share/texlive/texmf-dist/tex/latex/tools/array.sty
Package: array 2023/10/16 v2.5g Tabular extension package (FMi)
\col@sep=\dimen143
\ar@mcellbox=\box51
\extrarowheight=\dimen144
\NC@list=\toks20
\extratabsurround=\skip50
\backup@length=\skip51
\ar@cellbox=\box52
)
\TX@col@width=\dimen145
\TX@old@table=\dimen146
\TX@old@col=\dimen147
\TX@target=\dimen148
\TX@delta=\dimen149
\TX@cols=\count195
\TX@ftn=\toks21
) (/usr/share/texlive/texmf-dist/tex/latex/geometry/geometry.sty
Package: geometry 2020/01/02 v5.9 Page Geometry
 (/usr/share/texlive/texmf-dist/tex/generic/iftex/ifvtex.sty
Package: ifvtex 2019/10/25 v1.7 ifvtex legacy package. Use iftex instead.
 (/usr/share/texlive/texmf-dist/tex/generic/iftex/iftex.sty
Package: iftex 2022/02/03 v1.0f TeX engine tests
))
\Gm@cnth=\count196
\Gm@cntv=\count197
\c@Gm@tempcnt=\count198
\Gm@bindingoffset=\dimen150
\Gm@wd@mp=\dimen151
\Gm@odd@mp=\dimen152
\Gm@even@mp=\dimen153
\Gm@layoutwidth=\dimen154
\Gm@layoutheight=\dimen155
\Gm@layouthoffset=\dimen156
\Gm@layoutvoffset=\dimen157
\Gm@dimlist=\toks22
) (/usr/share/texlive/texmf-dist/tex/latex/setspace/setspace.sty
Package: setspace 2022/12/04 v6.7b set line spacing
)) (/usr/share/texlive/texmf-dist/tex/latex/graphics/color.sty
Package: color 2022/01/06 v1.3d Standard LaTeX Color (DPC)
 (/usr/share/texlive/texmf-dist/tex/latex/graphics-cfg/color.cfg
File: color.cfg 2016/01/02 v1.6 sample color configuration
)
Package color Info: Driver file: pdftex.def on input line 149.
 (/usr/share/texlive/texmf-dist/tex/latex/graphics/mathcolor.ltx)) (/usr/share/texlive/texmf-dist/tex/generic/soul/soul.sty
Package: soul 2023-06-14 v3.1 Permit use of UTF-8 characters in soul (HO)
 (/usr/share/texlive/texmf-dist/tex/generic/soul/soul-ori.sty
Package: soul-ori 2023-06-14 v3.1 letterspacing/underlining (mf)
\SOUL@word=\toks23
\SOUL@lasttoken=\toks24
\SOUL@syllable=\toks25
\SOUL@cmds=\toks26
\SOUL@buffer=\toks27
\SOUL@token=\toks28
\SOUL@syllgoal=\dimen158
\SOUL@syllwidth=\dimen159
\SOUL@charkern=\dimen160
\SOUL@hyphkern=\dimen161
\SOUL@dimen=\dimen162
\SOUL@dimeni=\dimen163
\SOUL@minus=\count199
\SOUL@comma=\count266
\SOUL@apo=\count267
\SOUL@grave=\count268
\SOUL@spaceskip=\skip52
\SOUL@ttwidth=\dimen164
\SOUL@uldp=\dimen165
\SOUL@ulht=\dimen166
) (/usr/share/texlive/texmf-dist/tex/generic/infwarerr/infwarerr.sty
Package: infwarerr 2019/12/03 v1.5 Providing info/warning/error messages (HO)
) (/usr/share/texlive/texmf-dist/tex/generic/etexcmds/etexcmds.sty
Package: etexcmds 2019/12/15 v1.7 Avoid name clashes with e-TeX commands (HO)
)) (/usr/share/texlive/texmf-dist/tex/latex/caption/subcaption.sty
Package: subcaption 2023/07/28 v1.6b Sub-captions (AR)
 (/usr/share/texlive/texmf-dist/tex/latex/caption/caption.sty
Package: caption 2023/08/05 v3.6o Customizing captions (AR)
 (/usr/share/texlive/texmf-dist/tex/latex/caption/caption3.sty
Package: caption3 2023/07/31 v2.4d caption3 kernel (AR)
\caption@tempdima=\dimen167
\captionmargin=\dimen168
\caption@leftmargin=\dimen169
\caption@rightmargin=\dimen170
\caption@width=\dimen171
\caption@indent=\dimen172
\caption@parindent=\dimen173
\caption@hangindent=\dimen174
Package caption Info: Standard document class detected.
)
\c@caption@flags=\count269
\c@continuedfloat=\count270
)
Package caption Info: New subtype `subfigure' on input line 238.
\c@subfigure=\count271
Package caption Info: New subtype `subtable' on input line 238.
\c@subtable=\count272
) (/usr/share/texlive/texmf-dist/tex/latex/fancyhdr/fancyhdr.sty
Package: fancyhdr 2022/11/09 v4.1 Extensive control of page headers and footers
\f@nch@headwidth=\skip53
\f@nch@O@elh=\skip54
\f@nch@O@erh=\skip55
\f@nch@O@olh=\skip56
\f@nch@O@orh=\skip57
\f@nch@O@elf=\skip58
\f@nch@O@erf=\skip59
\f@nch@O@olf=\skip60
\f@nch@O@orf=\skip61
) (/usr/share/texlive/texmf-dist/tex/latex/lastpage/lastpage.sty
Package: lastpage 2023/10/14 v2.0e lastpage: 2.09 or 2e? (HMM)
 (/usr/share/texlive/texmf-dist/tex/latex/lastpage/lastpage2e.sty
Package: lastpage2e 2023/10/14 v2.0e Decide which 2e lastpage version to use (HMM)
 (/usr/share/texlive/texmf-dist/tex/latex/lastpage/lastpagemodern.sty
Package: lastpagemodern 2023-10-14 v2.0e Refers to last page's name (HMM; JPG)
\c@lastpagecount=\count273
) 
)) (/usr/share/texlive/texmf-dist/tex/latex/base/textcomp.sty
Package: textcomp 2020/02/02 v2.0n Standard LaTeX package
) (/usr/share/texlive/texmf-dist/tex/latex/graphics/lscape.sty
Package: lscape 2020/05/28 v3.02 Landscape Pages (DPC)
) (/usr/share/texlive/texmf-dist/tex/latex/graphics/rotating.sty
Package: rotating 2016/08/11 v2.16d rotated objects in LaTeX
 (/usr/share/texlive/texmf-dist/tex/latex/base/ifthen.sty
Package: ifthen 2022/04/13 v1.1d Standard LaTeX ifthen package (DPC)
)
\c@r@tfl@t=\count274
\rotFPtop=\skip62
\rotFPbot=\skip63
\rot@float@box=\box53
\rot@mess@toks=\toks29
) (/usr/share/texlive/texmf-dist/tex/latex/multirow/multirow.sty
Package: multirow 2021/03/15 v2.8 Span multiple rows of a table
\multirow@colwidth=\skip64
\multirow@cntb=\count275
\multirow@dima=\skip65
\bigstrutjot=\dimen175
) (/usr/share/texlive/texmf-dist/tex/latex/listings/listings.sty
\lst@mode=\count276
\lst@gtempboxa=\box54
\lst@token=\toks30
\lst@length=\count277
\lst@currlwidth=\dimen176
\lst@column=\count278
\lst@pos=\count279
\lst@lostspace=\dimen177
\lst@width=\dimen178
\lst@newlines=\count280
\lst@lineno=\count281
\lst@maxwidth=\dimen179
 (/usr/share/texlive/texmf-dist/tex/latex/listings/lstmisc.sty
File: lstmisc.sty 2023/02/27 1.9 (Carsten Heinz)
\c@lstnumber=\count282
\lst@skipnumbers=\count283
\lst@framebox=\box55
) (/usr/share/texlive/texmf-dist/tex/latex/listings/listings.cfg
File: listings.cfg 2023/02/27 1.9 listings configuration
))
Package: listings 2023/02/27 1.9 (Carsten Heinz)
 (/usr/share/texlive/texmf-dist/tex/latex/xcolor/xcolor.sty
Package: xcolor 2023/11/15 v3.01 LaTeX color extensions (UK)
 (/usr/share/texlive/texmf-dist/tex/latex/graphics-cfg/color.cfg
File: color.cfg 2016/01/02 v1.6 sample color configuration
)
Package xcolor Info: Driver file: pdftex.def on input line 274.
LaTeX Info: Redefining \color on input line 758.
 (/usr/share/texlive/texmf-dist/tex/latex/graphics/mathcolor.ltx)
Package xcolor Info: Model `cmy' substituted by `cmy0' on input line 1350.
Package xcolor Info: Model `hsb' substituted by `rgb' on input line 1354.
Package xcolor Info: Model `RGB' extended on input line 1366.
Package xcolor Info: Model `HTML' substituted by `rgb' on input line 1368.
Package xcolor Info: Model `Hsb' substituted by `hsb' on input line 1369.
Package xcolor Info: Model `tHsb' substituted by `hsb' on input line 1370.
Package xcolor Info: Model `HSB' substituted by `hsb' on input line 1371.
Package xcolor Info: Model `Gray' substituted by `gray' on input line 1372.
Package xcolor Info: Model `wave' substituted by `hsb' on input line 1373.
) (/usr/share/texlive/texmf-dist/tex/latex/colortbl/colortbl.sty
Package: colortbl 2022/06/20 v1.0f Color table columns (DPC)
\everycr=\toks31
\minrowclearance=\skip66
\rownum=\count284
) (/usr/share/texlive/texmf-dist/tex/latex/amsmath/amsmath.sty
Package: amsmath 2023/05/13 v2.17o AMS math features
\@mathmargin=\skip67

For additional information on amsmath, use the `?' option.
(/usr/share/texlive/texmf-dist/tex/latex/amsmath/amstext.sty
Package: amstext 2021/08/26 v2.01 AMS text
 (/usr/share/texlive/texmf-dist/tex/latex/amsmath/amsgen.sty
File: amsgen.sty 1999/11/30 v2.0 generic functions
\@emptytoks=\toks32
\ex@=\dimen180
)) (/usr/share/texlive/texmf-dist/tex/latex/amsmath/amsbsy.sty
Package: amsbsy 1999/11/29 v1.2d Bold Symbols
\pmbraise@=\dimen181
) (/usr/share/texlive/texmf-dist/tex/latex/amsmath/amsopn.sty
Package: amsopn 2022/04/08 v2.04 operator names
)
\inf@bad=\count285
LaTeX Info: Redefining \frac on input line 234.
\uproot@=\count286
\leftroot@=\count287
LaTeX Info: Redefining \overline on input line 399.
LaTeX Info: Redefining \colon on input line 410.
\classnum@=\count288
\DOTSCASE@=\count289
LaTeX Info: Redefining \ldots on input line 496.
LaTeX Info: Redefining \dots on input line 499.
LaTeX Info: Redefining \cdots on input line 620.
\Mathstrutbox@=\box56
\strutbox@=\box57
LaTeX Info: Redefining \big on input line 722.
LaTeX Info: Redefining \Big on input line 723.
LaTeX Info: Redefining \bigg on input line 724.
LaTeX Info: Redefining \Bigg on input line 725.
\big@size=\dimen182
LaTeX Font Info:    Redeclaring font encoding OML on input line 743.
LaTeX Font Info:    Redeclaring font encoding OMS on input line 744.
\macc@depth=\count290
LaTeX Info: Redefining \bmod on input line 905.
LaTeX Info: Redefining \pmod on input line 910.
LaTeX Info: Redefining \smash on input line 940.
LaTeX Info: Redefining \relbar on input line 970.
LaTeX Info: Redefining \Relbar on input line 971.
\c@MaxMatrixCols=\count291
\dotsspace@=\muskip16
\c@parentequation=\count292
\dspbrk@lvl=\count293
\tag@help=\toks33
\row@=\count294
\column@=\count295
\maxfields@=\count296
\andhelp@=\toks34
\eqnshift@=\dimen183
\alignsep@=\dimen184
\tagshift@=\dimen185
\tagwidth@=\dimen186
\totwidth@=\dimen187
\lineht@=\dimen188
\@envbody=\toks35
\multlinegap=\skip68
\multlinetaggap=\skip69
\mathdisplay@stack=\toks36
LaTeX Info: Redefining \[ on input line 2953.
LaTeX Info: Redefining \] on input line 2954.
) (/usr/share/texlive/texmf-dist/tex/latex/tools/enumerate.sty
Package: enumerate 2023/07/04 v3.00 enumerate extensions (DPC)
\@enLab=\toks37
) (/usr/share/texlive/texmf-dist/tex/latex/hyperref/hyperref.sty
Package: hyperref 2024-01-20 v7.01h Hypertext links for LaTeX
 (/usr/share/texlive/texmf-dist/tex/latex/kvsetkeys/kvsetkeys.sty
Package: kvsetkeys 2022-10-05 v1.19 Key value parser (HO)
) (/usr/share/texlive/texmf-dist/tex/generic/kvdefinekeys/kvdefinekeys.sty
Package: kvdefinekeys 2019-12-19 v1.6 Define keys (HO)
) (/usr/share/texlive/texmf-dist/tex/generic/pdfescape/pdfescape.sty
Package: pdfescape 2019/12/09 v1.15 Implements pdfTeX's escape features (HO)
 (/usr/share/texlive/texmf-dist/tex/generic/ltxcmds/ltxcmds.sty
Package: ltxcmds 2023-12-04 v1.26 LaTeX kernel commands for general use (HO)
) (/usr/share/texlive/texmf-dist/tex/generic/pdftexcmds/pdftexcmds.sty
Package: pdftexcmds 2020-06-27 v0.33 Utility functions of pdfTeX for LuaTeX (HO)
Package pdftexcmds Info: \pdf@primitive is available.
Package pdftexcmds Info: \pdf@ifprimitive is available.
Package pdftexcmds Info: \pdfdraftmode found.
)) (/usr/share/texlive/texmf-dist/tex/latex/hycolor/hycolor.sty
Package: hycolor 2020-01-27 v1.10 Color options for hyperref/bookmark (HO)
) (/usr/share/texlive/texmf-dist/tex/latex/auxhook/auxhook.sty
Package: auxhook 2019-12-17 v1.6 Hooks for auxiliary files (HO)
) (/usr/share/texlive/texmf-dist/tex/latex/hyperref/nameref.sty
Package: nameref 2023-11-26 v2.56 Cross-referencing by name of section
 (/usr/share/texlive/texmf-dist/tex/latex/refcount/refcount.sty
Package: refcount 2019/12/15 v3.6 Data extraction from label references (HO)
) (/usr/share/texlive/texmf-dist/tex/generic/gettitlestring/gettitlestring.sty
Package: gettitlestring 2019/12/15 v1.6 Cleanup title references (HO)
 (/usr/share/texlive/texmf-dist/tex/latex/kvoptions/kvoptions.sty
Package: kvoptions 2022-06-15 v3.15 Key value format for package options (HO)
))
\c@section@level=\count297
) (/usr/share/texlive/texmf-dist/tex/latex/etoolbox/etoolbox.sty
Package: etoolbox 2020/10/05 v2.5k e-TeX tools for LaTeX (JAW)
\etb@tempcnta=\count298
)
\@linkdim=\dimen189
\Hy@linkcounter=\count299
\Hy@pagecounter=\count300
 (/usr/share/texlive/texmf-dist/tex/latex/hyperref/pd1enc.def
File: pd1enc.def 2024-01-20 v7.01h Hyperref: PDFDocEncoding definition (HO)
Now handling font encoding PD1 ...
... no UTF-8 mapping file for font encoding PD1
) (/usr/share/texlive/texmf-dist/tex/generic/intcalc/intcalc.sty
Package: intcalc 2019/12/15 v1.3 Expandable calculations with integers (HO)
)
\Hy@SavedSpaceFactor=\count301
 (/usr/share/texlive/texmf-dist/tex/latex/hyperref/puenc.def
File: puenc.def 2024-01-20 v7.01h Hyperref: PDF Unicode definition (HO)
Now handling font encoding PU ...
... no UTF-8 mapping file for font encoding PU
)
Package hyperref Info: Hyper figures OFF on input line 4179.
Package hyperref Info: Link nesting OFF on input line 4184.
Package hyperref Info: Hyper index ON on input line 4187.
Package hyperref Info: Plain pages OFF on input line 4194.
Package hyperref Info: Backreferencing OFF on input line 4199.
Package hyperref Info: Implicit mode ON; LaTeX internals redefined.
Package hyperref Info: Bookmarks ON on input line 4446.
\c@Hy@tempcnt=\count302
 (/usr/share/texlive/texmf-dist/tex/latex/url/url.sty
\Urlmuskip=\muskip17
Package: url 2013/09/16  ver 3.4  Verb mode for urls, etc.
)
LaTeX Info: Redefining \url on input line 4784.
\XeTeXLinkMargin=\dimen190
 (/usr/share/texlive/texmf-dist/tex/generic/bitset/bitset.sty
Package: bitset 2019/12/09 v1.3 Handle bit-vector datatype (HO)
 (/usr/share/texlive/texmf-dist/tex/generic/bigintcalc/bigintcalc.sty
Package: bigintcalc 2019/12/15 v1.5 Expandable calculations on big integers (HO)
))
\Fld@menulength=\count303
\Field@Width=\dimen191
\Fld@charsize=\dimen192
Package hyperref Info: Hyper figures OFF on input line 6063.
Package hyperref Info: Link nesting OFF on input line 6068.
Package hyperref Info: Hyper index ON on input line 6071.
Package hyperref Info: backreferencing OFF on input line 6078.
Package hyperref Info: Link coloring OFF on input line 6083.
Package hyperref Info: Link coloring with OCG OFF on input line 6088.
Package hyperref Info: PDF/A mode OFF on input line 6093.
 (/usr/share/texlive/texmf-dist/tex/latex/base/atbegshi-ltx.sty
Package: atbegshi-ltx 2021/01/10 v1.0c Emulation of the original atbegshi
package with kernel methods
)
\Hy@abspage=\count304
\c@Item=\count305
\c@Hfootnote=\count306
)
Package hyperref Info: Driver (autodetected): hpdftex.
 (/usr/share/texlive/texmf-dist/tex/latex/hyperref/hpdftex.def
File: hpdftex.def 2024-01-20 v7.01h Hyperref driver for pdfTeX
 (/usr/share/texlive/texmf-dist/tex/latex/base/atveryend-ltx.sty
Package: atveryend-ltx 2020/08/19 v1.0a Emulation of the original atveryend package
with kernel methods
)
\Fld@listcount=\count307
\c@bookmark@seq@number=\count308
 (/usr/share/texlive/texmf-dist/tex/latex/rerunfilecheck/rerunfilecheck.sty
Package: rerunfilecheck 2022-07-10 v1.10 Rerun checks for auxiliary files (HO)
 (/usr/share/texlive/texmf-dist/tex/generic/uniquecounter/uniquecounter.sty
Package: uniquecounter 2019/12/15 v1.4 Provide unlimited unique counter (HO)
)
Package uniquecounter Info: New unique counter `rerunfilecheck' on input line 285.
)
\Hy@SectionHShift=\skip70
) (/usr/share/texlive/texmf-dist/tex/latex/titlesec/titlesec.sty
Package: titlesec 2023/10/27 v2.16 Sectioning titles
\ttl@box=\box58
\beforetitleunit=\skip71
\aftertitleunit=\skip72
\ttl@plus=\dimen193
\ttl@minus=\dimen194
\ttl@toksa=\toks38
\titlewidth=\dimen195
\titlewidthlast=\dimen196
\titlewidthfirst=\dimen197
) (/usr/share/texlive/texmf-dist/tex/latex/makecell/makecell.sty
Package: makecell 2009/08/03 V0.1e Managing of Tab Column Heads and Cells
\rotheadsize=\dimen198
\c@nlinenum=\count309
\TeXr@lab=\toks39
) (/usr/share/texlive/texmf-dist/tex/latex/comment/comment.sty
\CommentStream=\write3
 Excluding comment 'comment')
LaTeX Font Info:    Trying to load font information for T1+lmr on input line 56.
 (/usr/share/texmf/tex/latex/lm/t1lmr.fd
File: t1lmr.fd 2015/05/01 v1.6.1 Font defs for Latin Modern
) (/usr/share/texlive/texmf-dist/tex/latex/l3backend/l3backend-pdftex.def
File: l3backend-pdftex.def 2024-01-04 L3 backend support: PDF output (pdfTeX)
\l__color_backend_stack_int=\count310
\l__pdf_internal_box=\box59
) (./main.aux)
\openout1 = `main.aux'.

LaTeX Font Info:    Checking defaults for OML/cmm/m/it on input line 56.
LaTeX Font Info:    ... okay on input line 56.
LaTeX Font Info:    Checking defaults for OMS/cmsy/m/n on input line 56.
LaTeX Font Info:    ... okay on input line 56.
LaTeX Font Info:    Checking defaults for OT1/cmr/m/n on input line 56.
LaTeX Font Info:    ... okay on input line 56.
LaTeX Font Info:    Checking defaults for T1/cmr/m/n on input line 56.
LaTeX Font Info:    ... okay on input line 56.
LaTeX Font Info:    Checking defaults for TS1/cmr/m/n on input line 56.
LaTeX Font Info:    ... okay on input line 56.
LaTeX Font Info:    Checking defaults for OMX/cmex/m/n on input line 56.
LaTeX Font Info:    ... okay on input line 56.
LaTeX Font Info:    Checking defaults for U/cmr/m/n on input line 56.
LaTeX Font Info:    ... okay on input line 56.
LaTeX Font Info:    Checking defaults for PD1/pdf/m/n on input line 56.
LaTeX Font Info:    ... okay on input line 56.
LaTeX Font Info:    Checking defaults for PU/pdf/m/n on input line 56.
LaTeX Font Info:    ... okay on input line 56.
 (/usr/share/texlive/texmf-dist/tex/context/base/mkii/supp-pdf.mkii
[Loading MPS to PDF converter (version 2006.09.02).]
\scratchcounter=\count311
\scratchdimen=\dimen199
\scratchbox=\box60
\nofMPsegments=\count312
\nofMParguments=\count313
\everyMPshowfont=\toks40
\MPscratchCnt=\count314
\MPscratchDim=\dimen256
\MPnumerator=\count315
\makeMPintoPDFobject=\count316
\everyMPtoPDFconversion=\toks41
) (/usr/share/texlive/texmf-dist/tex/latex/epstopdf-pkg/epstopdf-base.sty
Package: epstopdf-base 2020-01-24 v2.11 Base part for package epstopdf
Package epstopdf-base Info: Redefining graphics rule for `.eps' on input line 485.
 (/usr/share/texlive/texmf-dist/tex/latex/latexconfig/epstopdf-sys.cfg
File: epstopdf-sys.cfg 2010/07/13 v1.3 Configuration of (r)epstopdf for TeX Live
))
*geometry* driver: auto-detecting
*geometry* detected driver: pdftex
*geometry* verbose mode - [ preamble ] result:
* driver: pdftex
* paper: <default>
* layout: <same size as paper>
* layoutoffset:(h,v)=(0.0pt,0.0pt)
* modes: 
* h-part:(L,W,R)=(56.9055pt, 500.484pt, 56.9055pt)
* v-part:(T,H,B)=(56.9055pt, 642.66711pt, 95.39737pt)
* \paperwidth=614.295pt
* \paperheight=794.96999pt
* \textwidth=500.484pt
* \textheight=642.66711pt
* \oddsidemargin=-15.36449pt
* \evensidemargin=-15.36449pt
* \topmargin=-52.36449pt
* \headheight=12.0pt
* \headsep=25.0pt
* \topskip=10.0pt
* \footskip=30.0pt
* \marginparwidth=65.0pt
* \marginparsep=11.0pt
* \columnsep=10.0pt
* \skip\footins=9.0pt plus 4.0pt minus 2.0pt
* \hoffset=0.0pt
* \voffset=0.0pt
* \mag=1000
* \@twocolumnfalse
* \@twosidefalse
* \@mparswitchfalse
* \@reversemarginfalse
* (1in=72.27pt=25.4mm, 1cm=28.453pt)

Package caption Info: Begin \AtBeginDocument code.
Package caption Info: hyperref package is loaded.
Package caption Info: listings package is loaded.
Package caption Info: rotating package is loaded.
Package caption Info: End \AtBeginDocument code.
\c@lstlisting=\count317
Package hyperref Info: Link coloring OFF on input line 56.
(./main.out) (./main.out)
\@outlinefile=\write4
\openout4 = `main.out'.

<knowDiveUNITN.png, id=96, 668.4975pt x 137.51375pt>
File: knowDiveUNITN.png Graphic file (type png)
<use knowDiveUNITN.png>
Package pdftex.def Info: knowDiveUNITN.png  used on input line 58.
(pdftex.def)             Requested size: 512.1496pt x 105.35924pt.

Overfull \hbox (26.6656pt too wide) in paragraph at lines 58--58
[][] 
 []


Underfull \hbox (badness 10000) in paragraph at lines 58--58

 []

LaTeX Font Info:    Trying to load font information for OT1+lmr on input line 58.
(/usr/share/texmf/tex/latex/lm/ot1lmr.fd
File: ot1lmr.fd 2015/05/01 v1.6.1 Font defs for Latin Modern
)
LaTeX Font Info:    Trying to load font information for OML+lmm on input line 58.
 (/usr/share/texmf/tex/latex/lm/omllmm.fd
File: omllmm.fd 2015/05/01 v1.6.1 Font defs for Latin Modern
)
LaTeX Font Info:    Trying to load font information for OMS+lmsy on input line 58.
 (/usr/share/texmf/tex/latex/lm/omslmsy.fd
File: omslmsy.fd 2015/05/01 v1.6.1 Font defs for Latin Modern
)
LaTeX Font Info:    Trying to load font information for OMX+lmex on input line 58.
 (/usr/share/texmf/tex/latex/lm/omxlmex.fd
File: omxlmex.fd 2015/05/01 v1.6.1 Font defs for Latin Modern
)
LaTeX Font Info:    External font `lmex10' loaded for size
(Font)              <10> on input line 58.
LaTeX Font Info:    External font `lmex10' loaded for size
(Font)              <7> on input line 58.
LaTeX Font Info:    External font `lmex10' loaded for size
(Font)              <5> on input line 58.

Overfull \hbox (23.99998pt too wide) in alignment at lines 58--58
[][] 
 []

LaTeX Font Info:    Trying to load font information for TS1+lmr on input line 58.
(/usr/share/texmf/tex/latex/lm/ts1lmr.fd
File: ts1lmr.fd 2015/05/01 v1.6.1 Font defs for Latin Modern
)
Underfull \hbox (badness 10000) in paragraph at lines 58--58

 []

<Knowdive_color_bar.png, id=98, 2260.445pt x 375.4025pt>
File: Knowdive_color_bar.png Graphic file (type png)
<use Knowdive_color_bar.png>
Package pdftex.def Info: Knowdive_color_bar.png  used on input line 58.
(pdftex.def)             Requested size: 500.47267pt x 44.9948pt.
[1

{/var/lib/texmf/fonts/map/pdftex/updmap/pdftex.map}{/usr/share/texmf/fonts/enc/dvips/lm/lm-ec.enc}{/usr/share/texmf/fonts/enc/dvips/lm/lm-ts1.enc} <./knowDiveUNITN.png> <./Knowdive_color_bar.png>] (./main.toc)
\tf@toc=\write5
\openout5 = `main.toc'.


Underfull \hbox (badness 10000) in paragraph at lines 58--58

 []


Overfull \hbox (15.0pt too wide) in paragraph at lines 58--58
[][] 
 []


Underfull \hbox (badness 10000) in paragraph at lines 58--58

 []

File: Knowdive_color_bar.png Graphic file (type png)
<use Knowdive_color_bar.png>
Package pdftex.def Info: Knowdive_color_bar.png  used on input line 58.
(pdftex.def)             Requested size: 500.47267pt x 44.9948pt.

Package fancyhdr Warning: \footskip is too small (30.0pt): 
(fancyhdr)                Make it at least 48.59483pt, for example:
(fancyhdr)                \setlength{\footskip}{48.59483pt}.

[0] (../section/0-introduction.tex
Underfull \hbox (badness 10000) in paragraph at lines 2--3

 []

)
File: Knowdive_color_bar.png Graphic file (type png)
<use Knowdive_color_bar.png>
Package pdftex.def Info: Knowdive_color_bar.png  used on input line 67.
(pdftex.def)             Requested size: 500.47267pt x 44.9948pt.


Package fancyhdr Warning: \footskip is too small (30.0pt): 
(fancyhdr)                Make it at least 48.59483pt, for example:
(fancyhdr)                \setlength{\footskip}{48.59483pt}.


pdfTeX warning (ext4): destination with the same identifier (name{page.1}) has been already used, duplicate ignored
<to be read again> 
                   \relax 
l.67 \clearpage
                [1] (../section/1-purpose-doi.tex)
File: Knowdive_color_bar.png Graphic file (type png)
<use Knowdive_color_bar.png>
Package pdftex.def Info: Knowdive_color_bar.png  used on input line 69.
(pdftex.def)             Requested size: 500.47267pt x 44.9948pt.


Package fancyhdr Warning: \footskip is too small (30.0pt): 
(fancyhdr)                Make it at least 48.59483pt, for example:
(fancyhdr)                \setlength{\footskip}{48.59483pt}.

[2

] (../section/4-purposeFormaliation.tex
File: Knowdive_color_bar.png Graphic file (type png)
<use Knowdive_color_bar.png>
Package pdftex.def Info: Knowdive_color_bar.png  used on input line 22.
(pdftex.def)             Requested size: 500.47267pt x 44.9948pt.


Package fancyhdr Warning: \footskip is too small (30.0pt): 
(fancyhdr)                Make it at least 48.59483pt, for example:
(fancyhdr)                \setlength{\footskip}{48.59483pt}.

[3

]
LaTeX Font Info:    External font `lmex10' loaded for size
(Font)              <12> on input line 41.
LaTeX Font Info:    External font `lmex10' loaded for size
(Font)              <8> on input line 41.
LaTeX Font Info:    External font `lmex10' loaded for size
(Font)              <6> on input line 41.

Underfull \hbox (badness 1147) in paragraph at lines 58--58
[]|\T1/lmr/m/n/12 How have long-term tem-per-a-ture and pre-cip-i-ta-tion
 []


Underfull \hbox (badness 10000) in paragraph at lines 41--61
[]
 []

File: Knowdive_color_bar.png Graphic file (type png)
<use Knowdive_color_bar.png>
Package pdftex.def Info: Knowdive_color_bar.png  used on input line 61.
(pdftex.def)             Requested size: 500.47267pt x 44.9948pt.

Package fancyhdr Warning: \footskip is too small (30.0pt): 
(fancyhdr)                Make it at least 48.59483pt, for example:
(fancyhdr)                \setlength{\footskip}{48.59483pt}.

[4]
Overfull \vbox (9.36252pt too high) has occurred while \output is active []

File: Knowdive_color_bar.png Graphic file (type png)
<use Knowdive_color_bar.png>
Package pdftex.def Info: Knowdive_color_bar.png  used on input line 61.
(pdftex.def)             Requested size: 500.47267pt x 44.9948pt.


Package fancyhdr Warning: \footskip is too small (30.0pt): 
(fancyhdr)                Make it at least 48.59483pt, for example:
(fancyhdr)                \setlength{\footskip}{48.59483pt}.

[5]
<../knowdive-files/purpose_formalization_sheet.png, id=181, 944.52875pt x 170.6375pt>
File: ../knowdive-files/purpose_formalization_sheet.png Graphic file (type png)
<use ../knowdive-files/purpose_formalization_sheet.png>
Package pdftex.def Info: ../knowdive-files/purpose_formalization_sheet.png  used on input line 65.
(pdftex.def)             Requested size: 500.484pt x 90.4192pt.
<../../../../Phase 1 - Purpose Definition/er_model_modified.png, id=183, 1174.3875pt x 827.03981pt>
File: ../../../../Phase 1 - Purpose Definition/er_model_modified.png Graphic file (type png)
<use ../../../../Phase 1 - Purpose Definition/er_model_modified.png>
Package pdftex.def Info: ../../../../Phase 1 - Purpose Definition/er_model_modified.png  used on input line 79.
(pdftex.def)             Requested size: 500.484pt x 352.45267pt.
File: Knowdive_color_bar.png Graphic file (type png)
<use Knowdive_color_bar.png>
Package pdftex.def Info: Knowdive_color_bar.png  used on input line 83.
(pdftex.def)             Requested size: 500.47267pt x 44.9948pt.


Package fancyhdr Warning: \footskip is too small (30.0pt): 
(fancyhdr)                Make it at least 48.59483pt, for example:
(fancyhdr)                \setlength{\footskip}{48.59483pt}.

[6 <../knowdive-files/purpose_formalization_sheet.png>]
Underfull \hbox (badness 10000) in paragraph at lines 89--91

 []

File: Knowdive_color_bar.png Graphic file (type png)
<use Knowdive_color_bar.png>
Package pdftex.def Info: Knowdive_color_bar.png  used on input line 96.
(pdftex.def)             Requested size: 500.47267pt x 44.9948pt.

Package fancyhdr Warning: \footskip is too small (30.0pt): 
(fancyhdr)                Make it at least 48.59483pt, for example:
(fancyhdr)                \setlength{\footskip}{48.59483pt}.

[7 <../../../../Phase 1 - Purpose Definition/er_model_modified.png>]
File: Knowdive_color_bar.png Graphic file (type png)
<use Knowdive_color_bar.png>
Package pdftex.def Info: Knowdive_color_bar.png  used on input line 114.
(pdftex.def)             Requested size: 500.47267pt x 44.9948pt.


Package fancyhdr Warning: \footskip is too small (30.0pt): 
(fancyhdr)                Make it at least 48.59483pt, for example:
(fancyhdr)                \setlength{\footskip}{48.59483pt}.

[8]
File: Knowdive_color_bar.png Graphic file (type png)
<use Knowdive_color_bar.png>
Package pdftex.def Info: Knowdive_color_bar.png  used on input line 135.
(pdftex.def)             Requested size: 500.47267pt x 44.9948pt.


Package fancyhdr Warning: \footskip is too small (30.0pt): 
(fancyhdr)                Make it at least 48.59483pt, for example:
(fancyhdr)                \setlength{\footskip}{48.59483pt}.

[9]
<../../../../Phase 1 - Purpose Definition/ER_after_IG.png, id=214, 1093.08376pt x 839.68706pt>
File: ../../../../Phase 1 - Purpose Definition/ER_after_IG.png Graphic file (type png)
<use ../../../../Phase 1 - Purpose Definition/ER_after_IG.png>
Package pdftex.def Info: ../../../../Phase 1 - Purpose Definition/ER_after_IG.png  used on input line 144.
(pdftex.def)             Requested size: 500.484pt x 384.46698pt.
)

LaTeX Warning: `h' float specifier changed to `ht'.

File: Knowdive_color_bar.png Graphic file (type png)
<use Knowdive_color_bar.png>
Package pdftex.def Info: Knowdive_color_bar.png  used on input line 71.
(pdftex.def)             Requested size: 500.47267pt x 44.9948pt.

Package fancyhdr Warning: \footskip is too small (30.0pt): 
(fancyhdr)                Make it at least 48.59483pt, for example:
(fancyhdr)                \setlength{\footskip}{48.59483pt}.

[10]
File: Knowdive_color_bar.png Graphic file (type png)
<use Knowdive_color_bar.png>
Package pdftex.def Info: Knowdive_color_bar.png  used on input line 71.
(pdftex.def)             Requested size: 500.47267pt x 44.9948pt.


Package fancyhdr Warning: \footskip is too small (30.0pt): 
(fancyhdr)                Make it at least 48.59483pt, for example:
(fancyhdr)                \setlength{\footskip}{48.59483pt}.

[11 <../../../../Phase 1 - Purpose Definition/ER_after_IG.png>] (../section/6-languageDefinition.tex
Overfull \hbox (17.19983pt too wide) in paragraph at lines 9--17
 [][] 
 []

File: Knowdive_color_bar.png Graphic file (type png)
<use Knowdive_color_bar.png>
Package pdftex.def Info: Knowdive_color_bar.png  used on input line 37.
(pdftex.def)             Requested size: 500.47267pt x 44.9948pt.

Package fancyhdr Warning: \footskip is too small (30.0pt): 
(fancyhdr)                Make it at least 48.59483pt, for example:
(fancyhdr)                \setlength{\footskip}{48.59483pt}.

[12

])
File: Knowdive_color_bar.png Graphic file (type png)
<use Knowdive_color_bar.png>
Package pdftex.def Info: Knowdive_color_bar.png  used on input line 73.
(pdftex.def)             Requested size: 500.47267pt x 44.9948pt.


Package fancyhdr Warning: \footskip is too small (30.0pt): 
(fancyhdr)                Make it at least 48.59483pt, for example:
(fancyhdr)                \setlength{\footskip}{48.59483pt}.

[13] (../section/7-knowledgeDefinition.tex
File: Knowdive_color_bar.png Graphic file (type png)
<use Knowdive_color_bar.png>
Package pdftex.def Info: Knowdive_color_bar.png  used on input line 28.
(pdftex.def)             Requested size: 500.47267pt x 44.9948pt.


Package fancyhdr Warning: \footskip is too small (30.0pt): 
(fancyhdr)                Make it at least 48.59483pt, for example:
(fancyhdr)                \setlength{\footskip}{48.59483pt}.

[14

])
File: Knowdive_color_bar.png Graphic file (type png)
<use Knowdive_color_bar.png>
Package pdftex.def Info: Knowdive_color_bar.png  used on input line 75.
(pdftex.def)             Requested size: 500.47267pt x 44.9948pt.


Package fancyhdr Warning: \footskip is too small (30.0pt): 
(fancyhdr)                Make it at least 48.59483pt, for example:
(fancyhdr)                \setlength{\footskip}{48.59483pt}.

[15] (../section/8-dataDefinition.tex)
File: Knowdive_color_bar.png Graphic file (type png)
<use Knowdive_color_bar.png>
Package pdftex.def Info: Knowdive_color_bar.png  used on input line 77.
(pdftex.def)             Requested size: 500.47267pt x 44.9948pt.


Package fancyhdr Warning: \footskip is too small (30.0pt): 
(fancyhdr)                Make it at least 48.59483pt, for example:
(fancyhdr)                \setlength{\footskip}{48.59483pt}.

[16

] (../section/9-evaluation.tex)
File: Knowdive_color_bar.png Graphic file (type png)
<use Knowdive_color_bar.png>
Package pdftex.def Info: Knowdive_color_bar.png  used on input line 79.
(pdftex.def)             Requested size: 500.47267pt x 44.9948pt.


Package fancyhdr Warning: \footskip is too small (30.0pt): 
(fancyhdr)                Make it at least 48.59483pt, for example:
(fancyhdr)                \setlength{\footskip}{48.59483pt}.

[17

] (../section/10-metadataDefinition.tex
Underfull \hbox (badness 10000) in paragraph at lines 3--4

 []


Underfull \hbox (badness 10000) in paragraph at lines 5--6

 []


Underfull \hbox (badness 10000) in paragraph at lines 7--8

 []

)
File: Knowdive_color_bar.png Graphic file (type png)
<use Knowdive_color_bar.png>
Package pdftex.def Info: Knowdive_color_bar.png  used on input line 81.
(pdftex.def)             Requested size: 500.47267pt x 44.9948pt.


Package fancyhdr Warning: \footskip is too small (30.0pt): 
(fancyhdr)                Make it at least 48.59483pt, for example:
(fancyhdr)                \setlength{\footskip}{48.59483pt}.

[18

] (../section/11-openIssues.tex
Underfull \hbox (badness 10000) in paragraph at lines 3--4

 []


Underfull \hbox (badness 10000) in paragraph at lines 14--15

 []

)
File: Knowdive_color_bar.png Graphic file (type png)
<use Knowdive_color_bar.png>
Package pdftex.def Info: Knowdive_color_bar.png  used on input line 86.
(pdftex.def)             Requested size: 500.47267pt x 44.9948pt.


Package fancyhdr Warning: \footskip is too small (30.0pt): 
(fancyhdr)                Make it at least 48.59483pt, for example:
(fancyhdr)                \setlength{\footskip}{48.59483pt}.

[19

] 
enddocument/afterlastpage: lastpage setting LastPage.
(./main.aux)
 ***********
LaTeX2e <2023-11-01> patch level 1
L3 programming layer <2024-01-22>
 ***********
Package rerunfilecheck Info: File `main.out' has not changed.
(rerunfilecheck)             Checksum: 9CEF2B45A93F1892F7B477694387487A;3198.
 ) 
Here is how much of TeX's memory you used:
 15011 strings out of 474222
 238170 string characters out of 5748732
 1948975 words of memory out of 5000000
 36931 multiletter control sequences out of 15000+600000
 625314 words of font info for 74 fonts, out of 8000000 for 9000
 1141 hyphenation exceptions out of 8191
 75i,14n,79p,1202b,833s stack positions out of 10000i,1000n,20000p,200000b,200000s
</usr/share/texmf/fonts/type1/public/lm/lmbx10.pfb></usr/share/texmf/fonts/type1/public/lm/lmbx12.pfb></usr/share/texmf/fonts/type1/public/lm/lmcsc10.pfb></usr/share/texmf/fonts/type1/public/lm/lmr10.pfb></usr/share/texmf/fonts/type1/public/lm/lmr12.pfb></usr/share/texmf/fonts/type1/public/lm/lmr9.pfb></usr/share/texmf/fonts/type1/public/lm/lmri12.pfb>
Output written on main.pdf (21 pages, 798349 bytes).
PDF statistics:
 323 PDF objects out of 1000 (max. 8388607)
 271 compressed objects within 3 object streams
 58 named destinations out of 1000 (max. 500000)
 210 words of extra memory for PDF output out of 10000 (max. 10000000)

